This file contains any messages produced by compilers while
running configure, to aid debugging if configure makes a mistake.

It was created by sgxautosample configure 1.0, which was
generated by GNU Autoconf 2.69.  Invocation command line was

  $ ./configure 

## --------- ##
## Platform. ##
## --------- ##

hostname = jmsc01
uname -m = x86_64
uname -r = 4.8.0-36-generic
uname -s = Linux
uname -v = #36~16.04.1-Ubuntu SMP Sun Feb 5 09:39:57 UTC 2017

/usr/bin/uname -p = unknown
/bin/uname -X     = unknown

/bin/arch              = unknown
/usr/bin/arch -k       = unknown
/usr/convex/getsysinfo = unknown
/usr/bin/hostinfo      = unknown
/bin/machine           = unknown
/usr/bin/oslevel       = unknown
/bin/universe          = unknown

PATH: /home/johnm/bin
PATH: /home/johnm/.local/bin
PATH: /usr/local/sbin
PATH: /usr/local/bin
PATH: /usr/sbin
PATH: /usr/bin
PATH: /sbin
PATH: /bin
PATH: /usr/games
PATH: /usr/local/games
PATH: /snap/bin


## ----------- ##
## Core tests. ##
## ----------- ##

configure:1877: checking for gcc
configure:1893: found /usr/bin/gcc
configure:1904: result: gcc
configure:2133: checking for C compiler version
configure:2142: gcc --version >&5
gcc (Ubuntu 5.4.0-6ubuntu1~16.04.4) 5.4.0 20160609
Copyright (C) 2015 Free Software Foundation, Inc.
This is free software; see the source for copying conditions.  There is NO
warranty; not even for MERCHANTABILITY or FITNESS FOR A PARTICULAR PURPOSE.

configure:2153: $? = 0
configure:2142: gcc -v >&5
Using built-in specs.
COLLECT_GCC=gcc
COLLECT_LTO_WRAPPER=/usr/lib/gcc/x86_64-linux-gnu/5/lto-wrapper
Target: x86_64-linux-gnu
Configured with: ../src/configure -v --with-pkgversion='Ubuntu 5.4.0-6ubuntu1~16.04.4' --with-bugurl=file:///usr/share/doc/gcc-5/README.Bugs --enable-languages=c,ada,c++,java,go,d,fortran,objc,obj-c++ --prefix=/usr --program-suffix=-5 --enable-shared --enable-linker-build-id --libexecdir=/usr/lib --without-included-gettext --enable-threads=posix --libdir=/usr/lib --enable-nls --with-sysroot=/ --enable-clocale=gnu --enable-libstdcxx-debug --enable-libstdcxx-time=yes --with-default-libstdcxx-abi=new --enable-gnu-unique-object --disable-vtable-verify --enable-libmpx --enable-plugin --with-system-zlib --disable-browser-plugin --enable-java-awt=gtk --enable-gtk-cairo --with-java-home=/usr/lib/jvm/java-1.5.0-gcj-5-amd64/jre --enable-java-home --with-jvm-root-dir=/usr/lib/jvm/java-1.5.0-gcj-5-amd64 --with-jvm-jar-dir=/usr/lib/jvm-exports/java-1.5.0-gcj-5-amd64 --with-arch-directory=amd64 --with-ecj-jar=/usr/share/java/eclipse-ecj.jar --enable-objc-gc --enable-multiarch --disable-werror --with-arch-32=i686 --with-abi=m64 --with-multilib-list=m32,m64,mx32 --enable-multilib --with-tune=generic --enable-checking=release --build=x86_64-linux-gnu --host=x86_64-linux-gnu --target=x86_64-linux-gnu
Thread model: posix
gcc version 5.4.0 20160609 (Ubuntu 5.4.0-6ubuntu1~16.04.4) 
configure:2153: $? = 0
configure:2142: gcc -V >&5
gcc: error: unrecognized command line option '-V'
gcc: fatal error: no input files
compilation terminated.
configure:2153: $? = 1
configure:2142: gcc -qversion >&5
gcc: error: unrecognized command line option '-qversion'
gcc: fatal error: no input files
compilation terminated.
configure:2153: $? = 1
configure:2173: checking whether the C compiler works
configure:2195: gcc    conftest.c  >&5
configure:2199: $? = 0
configure:2247: result: yes
configure:2250: checking for C compiler default output file name
configure:2252: result: a.out
configure:2258: checking for suffix of executables
configure:2265: gcc -o conftest    conftest.c  >&5
configure:2269: $? = 0
configure:2291: result: 
configure:2313: checking whether we are cross compiling
configure:2321: gcc -o conftest    conftest.c  >&5
configure:2325: $? = 0
configure:2332: ./conftest
configure:2336: $? = 0
configure:2351: result: no
configure:2356: checking for suffix of object files
configure:2378: gcc -c   conftest.c >&5
configure:2382: $? = 0
configure:2403: result: o
configure:2407: checking whether we are using the GNU C compiler
configure:2426: gcc -c   conftest.c >&5
configure:2426: $? = 0
configure:2435: result: yes
configure:2444: checking whether gcc accepts -g
configure:2464: gcc -c -g  conftest.c >&5
configure:2464: $? = 0
configure:2505: result: yes
configure:2522: checking for gcc option to accept ISO C89
configure:2585: gcc  -c -g -O2  conftest.c >&5
configure:2585: $? = 0
configure:2598: result: none needed
configure:2676: checking for g++
configure:2692: found /usr/bin/g++
configure:2703: result: g++
configure:2730: checking for C++ compiler version
configure:2739: g++ --version >&5
g++ (Ubuntu 5.4.0-6ubuntu1~16.04.4) 5.4.0 20160609
Copyright (C) 2015 Free Software Foundation, Inc.
This is free software; see the source for copying conditions.  There is NO
warranty; not even for MERCHANTABILITY or FITNESS FOR A PARTICULAR PURPOSE.

configure:2750: $? = 0
configure:2739: g++ -v >&5
Using built-in specs.
COLLECT_GCC=g++
COLLECT_LTO_WRAPPER=/usr/lib/gcc/x86_64-linux-gnu/5/lto-wrapper
Target: x86_64-linux-gnu
Configured with: ../src/configure -v --with-pkgversion='Ubuntu 5.4.0-6ubuntu1~16.04.4' --with-bugurl=file:///usr/share/doc/gcc-5/README.Bugs --enable-languages=c,ada,c++,java,go,d,fortran,objc,obj-c++ --prefix=/usr --program-suffix=-5 --enable-shared --enable-linker-build-id --libexecdir=/usr/lib --without-included-gettext --enable-threads=posix --libdir=/usr/lib --enable-nls --with-sysroot=/ --enable-clocale=gnu --enable-libstdcxx-debug --enable-libstdcxx-time=yes --with-default-libstdcxx-abi=new --enable-gnu-unique-object --disable-vtable-verify --enable-libmpx --enable-plugin --with-system-zlib --disable-browser-plugin --enable-java-awt=gtk --enable-gtk-cairo --with-java-home=/usr/lib/jvm/java-1.5.0-gcj-5-amd64/jre --enable-java-home --with-jvm-root-dir=/usr/lib/jvm/java-1.5.0-gcj-5-amd64 --with-jvm-jar-dir=/usr/lib/jvm-exports/java-1.5.0-gcj-5-amd64 --with-arch-directory=amd64 --with-ecj-jar=/usr/share/java/eclipse-ecj.jar --enable-objc-gc --enable-multiarch --disable-werror --with-arch-32=i686 --with-abi=m64 --with-multilib-list=m32,m64,mx32 --enable-multilib --with-tune=generic --enable-checking=release --build=x86_64-linux-gnu --host=x86_64-linux-gnu --target=x86_64-linux-gnu
Thread model: posix
gcc version 5.4.0 20160609 (Ubuntu 5.4.0-6ubuntu1~16.04.4) 
configure:2750: $? = 0
configure:2739: g++ -V >&5
g++: error: unrecognized command line option '-V'
g++: fatal error: no input files
compilation terminated.
configure:2750: $? = 1
configure:2739: g++ -qversion >&5
g++: error: unrecognized command line option '-qversion'
g++: fatal error: no input files
compilation terminated.
configure:2750: $? = 1
configure:2754: checking whether we are using the GNU C++ compiler
configure:2773: g++ -c   conftest.cpp >&5
configure:2773: $? = 0
configure:2782: result: yes
configure:2791: checking whether g++ accepts -g
configure:2811: g++ -c -g  conftest.cpp >&5
configure:2811: $? = 0
configure:2852: result: yes
configure:2918: checking for a BSD-compatible install
configure:2986: result: /usr/bin/install -c
configure:3137: Found your Intel SGX SDK in /opt/intel/sgxsdk
configure:3299: creating ./config.status

## ---------------------- ##
## Running config.status. ##
## ---------------------- ##

This file was extended by sgxautosample config.status 1.0, which was
generated by GNU Autoconf 2.69.  Invocation command line was

  CONFIG_FILES    = 
  CONFIG_HEADERS  = 
  CONFIG_LINKS    = 
  CONFIG_COMMANDS = 
  $ ./config.status 

on jmsc01

config.status:810: creating sgx_app.mk
config.status:810: creating EnclaveQuote/Makefile
config.status:810: creating sgx_enclave.mk
config.status:810: creating Makefile
config.status:810: creating config.h

## ---------------- ##
## Cache variables. ##
## ---------------- ##

ac_cv_c_compiler_gnu=yes
ac_cv_cxx_compiler_gnu=yes
ac_cv_env_CCC_set=
ac_cv_env_CCC_value=
ac_cv_env_CC_set=
ac_cv_env_CC_value=
ac_cv_env_CFLAGS_set=
ac_cv_env_CFLAGS_value=
ac_cv_env_CPPFLAGS_set=
ac_cv_env_CPPFLAGS_value=
ac_cv_env_CXXFLAGS_set=
ac_cv_env_CXXFLAGS_value=
ac_cv_env_CXX_set=
ac_cv_env_CXX_value=
ac_cv_env_LDFLAGS_set=
ac_cv_env_LDFLAGS_value=
ac_cv_env_LIBS_set=
ac_cv_env_LIBS_value=
ac_cv_env_build_alias_set=
ac_cv_env_build_alias_value=
ac_cv_env_host_alias_set=
ac_cv_env_host_alias_value=
ac_cv_env_target_alias_set=
ac_cv_env_target_alias_value=
ac_cv_objext=o
ac_cv_path_install='/usr/bin/install -c'
ac_cv_prog_ac_ct_CC=gcc
ac_cv_prog_ac_ct_CXX=g++
ac_cv_prog_cc_c89=
ac_cv_prog_cc_g=yes
ac_cv_prog_cxx_g=yes

## ----------------- ##
## Output variables. ##
## ----------------- ##

CC='gcc'
CFLAGS='-g -O2'
CPPFLAGS=' -I/usr/include/glib-2.0 -I/usr/lib/x86_64-linux-gnu/glib-2.0/include'
CXX='g++'
CXXFLAGS='-g -O2'
DEFS='-DHAVE_CONFIG_H'
ECHO_C=''
ECHO_N='-n'
ECHO_T=''
ENCLAVE_SIGN_TARGET='signed_enclave_dev'
EXEEXT=''
INSTALL_DATA='${INSTALL} -m 644'
INSTALL_PROGRAM='${INSTALL}'
INSTALL_SCRIPT='${INSTALL}'
LDFLAGS=''
LIBOBJS=''
LIBS='-g -O2 -lglib-2.0'
LTLIBOBJS=''
OBJEXT='o'
PACKAGE_BUGREPORT='john.p.mechalas@intel.com'
PACKAGE_NAME='sgxautosample'
PACKAGE_STRING='sgxautosample 1.0'
PACKAGE_TARNAME='sgxautosample'
PACKAGE_URL=''
PACKAGE_VERSION='1.0'
PATH_SEPARATOR=':'
SGXSDK='/opt/intel/sgxsdk'
SGXSDK_BINDIR='/opt/intel/sgxsdk/bin/x64'
SGXSDK_INCDIR='/opt/intel/sgxsdk/include'
SGXSDK_LIBDIR='/opt/intel/sgxsdk/lib64'
SGX_DEBUG_FLAGS=''
SGX_ENCLAVES='EnclaveQuote'
SGX_TRTS_LIB='sgx_trts'
SGX_TSERVICE_LIB='sgx_tservice'
SGX_UAE_SERVICE_LIB='sgx_uae_service'
SGX_URTS_LIB='sgx_urts'
SHELL='/bin/bash'
ac_ct_CC='gcc'
ac_ct_CXX='g++'
bindir='${exec_prefix}/bin'
build_alias=''
datadir='${datarootdir}'
datarootdir='${prefix}/share'
docdir='${datarootdir}/doc/${PACKAGE_TARNAME}'
dvidir='${docdir}'
enclave_libdir='${exec_prefix}/lib'
exec_prefix='${prefix}'
glib_incdir=''
host_alias=''
htmldir='${docdir}'
includedir='${prefix}/include'
infodir='${datarootdir}/info'
libdir='${exec_prefix}/lib'
libexecdir='${exec_prefix}/libexec'
localedir='${datarootdir}/locale'
localstatedir='${prefix}/var'
mandir='${datarootdir}/man'
oldincludedir='/usr/include'
pdfdir='${docdir}'
prefix='/usr/local'
program_transform_name='s,x,x,'
psdir='${docdir}'
runstatedir='${localstatedir}/run'
sbindir='${exec_prefix}/sbin'
sharedstatedir='${prefix}/com'
sysconfdir='${prefix}/etc'
target_alias=''

## ----------- ##
## confdefs.h. ##
## ----------- ##

/* confdefs.h */
#define PACKAGE_NAME "sgxautosample"
#define PACKAGE_TARNAME "sgxautosample"
#define PACKAGE_VERSION "1.0"
#define PACKAGE_STRING "sgxautosample 1.0"
#define PACKAGE_BUGREPORT "john.p.mechalas@intel.com"
#define PACKAGE_URL ""
#define DEBUG 1

configure: exit 0
